CRITICAL - 2025-10-03 06:06:09 --> ErrorException: Undefined variable $role
[Method: GET, Route: dashboard]
in APPPATH\Views\templates\header.php on line 11.
 1 APPPATH\Views\templates\header.php(11): CodeIgniter\Debug\Exceptions->errorHandler(2, 'Undefined variable $role', 'C:\\xampp\\htdocs\\ITE311-PLAIDA\\app\\Views\\templates\\header.php', 11)
 2 SYSTEMPATH\View\View.php(226): include('C:\\xampp\\htdocs\\ITE311-PLAIDA\\app\\Views\\templates\\header.php')
 3 SYSTEMPATH\View\View.php(229): CodeIgniter\View\View->CodeIgniter\View\{closure}()
 4 SYSTEMPATH\View\View.php(475): CodeIgniter\View\View->render('templates/header', null, true)
 5 APPPATH\Views\template.php(34): CodeIgniter\View\View->include('templates/header')
 6 SYSTEMPATH\View\View.php(226): include('C:\\xampp\\htdocs\\ITE311-PLAIDA\\app\\Views\\template.php')
 7 SYSTEMPATH\View\View.php(229): CodeIgniter\View\View->CodeIgniter\View\{closure}()
 8 SYSTEMPATH\View\View.php(242): CodeIgniter\View\View->render('template', [], true)
 9 SYSTEMPATH\Common.php(1167): CodeIgniter\View\View->render('auth/dashboard', [], true)
10 APPPATH\Controllers\Auth.php(152): view('auth/dashboard', [...])
11 SYSTEMPATH\CodeIgniter.php(933): App\Controllers\Auth->dashboard()
12 SYSTEMPATH\CodeIgniter.php(507): CodeIgniter\CodeIgniter->runController(Object(App\Controllers\Auth))
13 SYSTEMPATH\CodeIgniter.php(354): CodeIgniter\CodeIgniter->handleRequest(null, Object(Config\Cache), false)
14 SYSTEMPATH\Boot.php(363): CodeIgniter\CodeIgniter->run()
15 SYSTEMPATH\Boot.php(68): CodeIgniter\Boot::runCodeIgniter(Object(CodeIgniter\CodeIgniter))
16 FCPATH\index.php(59): CodeIgniter\Boot::bootWeb(Object(Config\Paths))
CRITICAL - 2025-10-03 06:06:10 --> ErrorException: Undefined variable $role
[Method: GET, Route: dashboard]
in APPPATH\Views\templates\header.php on line 11.
 1 APPPATH\Views\templates\header.php(11): CodeIgniter\Debug\Exceptions->errorHandler(2, 'Undefined variable $role', 'C:\\xampp\\htdocs\\ITE311-PLAIDA\\app\\Views\\templates\\header.php', 11)
 2 SYSTEMPATH\View\View.php(226): include('C:\\xampp\\htdocs\\ITE311-PLAIDA\\app\\Views\\templates\\header.php')
 3 SYSTEMPATH\View\View.php(229): CodeIgniter\View\View->CodeIgniter\View\{closure}()
 4 SYSTEMPATH\View\View.php(475): CodeIgniter\View\View->render('templates/header', null, true)
 5 APPPATH\Views\template.php(34): CodeIgniter\View\View->include('templates/header')
 6 SYSTEMPATH\View\View.php(226): include('C:\\xampp\\htdocs\\ITE311-PLAIDA\\app\\Views\\template.php')
 7 SYSTEMPATH\View\View.php(229): CodeIgniter\View\View->CodeIgniter\View\{closure}()
 8 SYSTEMPATH\View\View.php(242): CodeIgniter\View\View->render('template', [], true)
 9 SYSTEMPATH\Common.php(1167): CodeIgniter\View\View->render('auth/dashboard', [], true)
10 APPPATH\Controllers\Auth.php(152): view('auth/dashboard', [...])
11 SYSTEMPATH\CodeIgniter.php(933): App\Controllers\Auth->dashboard()
12 SYSTEMPATH\CodeIgniter.php(507): CodeIgniter\CodeIgniter->runController(Object(App\Controllers\Auth))
13 SYSTEMPATH\CodeIgniter.php(354): CodeIgniter\CodeIgniter->handleRequest(null, Object(Config\Cache), false)
14 SYSTEMPATH\Boot.php(363): CodeIgniter\CodeIgniter->run()
15 SYSTEMPATH\Boot.php(68): CodeIgniter\Boot::runCodeIgniter(Object(CodeIgniter\CodeIgniter))
16 FCPATH\index.php(59): CodeIgniter\Boot::bootWeb(Object(Config\Paths))
CRITICAL - 2025-10-03 06:06:11 --> ErrorException: Undefined variable $role
[Method: GET, Route: dashboard]
in APPPATH\Views\templates\header.php on line 11.
 1 APPPATH\Views\templates\header.php(11): CodeIgniter\Debug\Exceptions->errorHandler(2, 'Undefined variable $role', 'C:\\xampp\\htdocs\\ITE311-PLAIDA\\app\\Views\\templates\\header.php', 11)
 2 SYSTEMPATH\View\View.php(226): include('C:\\xampp\\htdocs\\ITE311-PLAIDA\\app\\Views\\templates\\header.php')
 3 SYSTEMPATH\View\View.php(229): CodeIgniter\View\View->CodeIgniter\View\{closure}()
 4 SYSTEMPATH\View\View.php(475): CodeIgniter\View\View->render('templates/header', null, true)
 5 APPPATH\Views\template.php(34): CodeIgniter\View\View->include('templates/header')
 6 SYSTEMPATH\View\View.php(226): include('C:\\xampp\\htdocs\\ITE311-PLAIDA\\app\\Views\\template.php')
 7 SYSTEMPATH\View\View.php(229): CodeIgniter\View\View->CodeIgniter\View\{closure}()
 8 SYSTEMPATH\View\View.php(242): CodeIgniter\View\View->render('template', [], true)
 9 SYSTEMPATH\Common.php(1167): CodeIgniter\View\View->render('auth/dashboard', [], true)
10 APPPATH\Controllers\Auth.php(152): view('auth/dashboard', [...])
11 SYSTEMPATH\CodeIgniter.php(933): App\Controllers\Auth->dashboard()
12 SYSTEMPATH\CodeIgniter.php(507): CodeIgniter\CodeIgniter->runController(Object(App\Controllers\Auth))
13 SYSTEMPATH\CodeIgniter.php(354): CodeIgniter\CodeIgniter->handleRequest(null, Object(Config\Cache), false)
14 SYSTEMPATH\Boot.php(363): CodeIgniter\CodeIgniter->run()
15 SYSTEMPATH\Boot.php(68): CodeIgniter\Boot::runCodeIgniter(Object(CodeIgniter\CodeIgniter))
16 FCPATH\index.php(59): CodeIgniter\Boot::bootWeb(Object(Config\Paths))
CRITICAL - 2025-10-03 06:06:21 --> ErrorException: Undefined variable $role
[Method: GET, Route: login]
in APPPATH\Views\templates\header.php on line 11.
 1 APPPATH\Views\templates\header.php(11): CodeIgniter\Debug\Exceptions->errorHandler(2, 'Undefined variable $role', 'C:\\xampp\\htdocs\\ITE311-PLAIDA\\app\\Views\\templates\\header.php', 11)
 2 SYSTEMPATH\View\View.php(226): include('C:\\xampp\\htdocs\\ITE311-PLAIDA\\app\\Views\\templates\\header.php')
 3 SYSTEMPATH\View\View.php(229): CodeIgniter\View\View->CodeIgniter\View\{closure}()
 4 SYSTEMPATH\View\View.php(475): CodeIgniter\View\View->render('templates/header', null, true)
 5 APPPATH\Views\template.php(34): CodeIgniter\View\View->include('templates/header')
 6 SYSTEMPATH\View\View.php(226): include('C:\\xampp\\htdocs\\ITE311-PLAIDA\\app\\Views\\template.php')
 7 SYSTEMPATH\View\View.php(229): CodeIgniter\View\View->CodeIgniter\View\{closure}()
 8 SYSTEMPATH\View\View.php(242): CodeIgniter\View\View->render('template', [], true)
 9 SYSTEMPATH\Common.php(1167): CodeIgniter\View\View->render('auth/login', [], true)
10 APPPATH\Controllers\Auth.php(118): view('auth/login')
11 SYSTEMPATH\CodeIgniter.php(933): App\Controllers\Auth->login()
12 SYSTEMPATH\CodeIgniter.php(507): CodeIgniter\CodeIgniter->runController(Object(App\Controllers\Auth))
13 SYSTEMPATH\CodeIgniter.php(354): CodeIgniter\CodeIgniter->handleRequest(null, Object(Config\Cache), false)
14 SYSTEMPATH\Boot.php(363): CodeIgniter\CodeIgniter->run()
15 SYSTEMPATH\Boot.php(68): CodeIgniter\Boot::runCodeIgniter(Object(CodeIgniter\CodeIgniter))
16 FCPATH\index.php(59): CodeIgniter\Boot::bootWeb(Object(Config\Paths))
CRITICAL - 2025-10-03 06:06:25 --> ErrorException: Undefined variable $role
[Method: GET, Route: /]
in APPPATH\Views\templates\header.php on line 11.
 1 APPPATH\Views\templates\header.php(11): CodeIgniter\Debug\Exceptions->errorHandler(2, 'Undefined variable $role', 'C:\\xampp\\htdocs\\ITE311-PLAIDA\\app\\Views\\templates\\header.php', 11)
 2 SYSTEMPATH\View\View.php(226): include('C:\\xampp\\htdocs\\ITE311-PLAIDA\\app\\Views\\templates\\header.php')
 3 SYSTEMPATH\View\View.php(229): CodeIgniter\View\View->CodeIgniter\View\{closure}()
 4 SYSTEMPATH\View\View.php(475): CodeIgniter\View\View->render('templates/header', null, true)
 5 APPPATH\Views\template.php(34): CodeIgniter\View\View->include('templates/header')
 6 SYSTEMPATH\View\View.php(226): include('C:\\xampp\\htdocs\\ITE311-PLAIDA\\app\\Views\\template.php')
 7 SYSTEMPATH\View\View.php(229): CodeIgniter\View\View->CodeIgniter\View\{closure}()
 8 SYSTEMPATH\View\View.php(242): CodeIgniter\View\View->render('template', [], true)
 9 SYSTEMPATH\Common.php(1167): CodeIgniter\View\View->render('index', [], true)
10 APPPATH\Controllers\Home.php(11): view('index')
11 SYSTEMPATH\CodeIgniter.php(933): App\Controllers\Home->index()
12 SYSTEMPATH\CodeIgniter.php(507): CodeIgniter\CodeIgniter->runController(Object(App\Controllers\Home))
13 SYSTEMPATH\CodeIgniter.php(354): CodeIgniter\CodeIgniter->handleRequest(null, Object(Config\Cache), false)
14 SYSTEMPATH\Boot.php(363): CodeIgniter\CodeIgniter->run()
15 SYSTEMPATH\Boot.php(68): CodeIgniter\Boot::runCodeIgniter(Object(CodeIgniter\CodeIgniter))
16 FCPATH\index.php(59): CodeIgniter\Boot::bootWeb(Object(Config\Paths))
CRITICAL - 2025-10-03 06:06:31 --> ErrorException: Undefined variable $role
[Method: GET, Route: login]
in APPPATH\Views\templates\header.php on line 11.
 1 APPPATH\Views\templates\header.php(11): CodeIgniter\Debug\Exceptions->errorHandler(2, 'Undefined variable $role', 'C:\\xampp\\htdocs\\ITE311-PLAIDA\\app\\Views\\templates\\header.php', 11)
 2 SYSTEMPATH\View\View.php(226): include('C:\\xampp\\htdocs\\ITE311-PLAIDA\\app\\Views\\templates\\header.php')
 3 SYSTEMPATH\View\View.php(229): CodeIgniter\View\View->CodeIgniter\View\{closure}()
 4 SYSTEMPATH\View\View.php(475): CodeIgniter\View\View->render('templates/header', null, true)
 5 APPPATH\Views\template.php(34): CodeIgniter\View\View->include('templates/header')
 6 SYSTEMPATH\View\View.php(226): include('C:\\xampp\\htdocs\\ITE311-PLAIDA\\app\\Views\\template.php')
 7 SYSTEMPATH\View\View.php(229): CodeIgniter\View\View->CodeIgniter\View\{closure}()
 8 SYSTEMPATH\View\View.php(242): CodeIgniter\View\View->render('template', [], true)
 9 SYSTEMPATH\Common.php(1167): CodeIgniter\View\View->render('auth/login', [], true)
10 APPPATH\Controllers\Auth.php(118): view('auth/login')
11 SYSTEMPATH\CodeIgniter.php(933): App\Controllers\Auth->login()
12 SYSTEMPATH\CodeIgniter.php(507): CodeIgniter\CodeIgniter->runController(Object(App\Controllers\Auth))
13 SYSTEMPATH\CodeIgniter.php(354): CodeIgniter\CodeIgniter->handleRequest(null, Object(Config\Cache), false)
14 SYSTEMPATH\Boot.php(363): CodeIgniter\CodeIgniter->run()
15 SYSTEMPATH\Boot.php(68): CodeIgniter\Boot::runCodeIgniter(Object(CodeIgniter\CodeIgniter))
16 FCPATH\index.php(59): CodeIgniter\Boot::bootWeb(Object(Config\Paths))
CRITICAL - 2025-10-03 06:08:57 --> ErrorException: Undefined variable $role
[Method: GET, Route: login]
in APPPATH\Views\templates\header.php on line 11.
 1 APPPATH\Views\templates\header.php(11): CodeIgniter\Debug\Exceptions->errorHandler(2, 'Undefined variable $role', 'C:\\xampp\\htdocs\\ITE311-PLAIDA\\app\\Views\\templates\\header.php', 11)
 2 SYSTEMPATH\View\View.php(226): include('C:\\xampp\\htdocs\\ITE311-PLAIDA\\app\\Views\\templates\\header.php')
 3 SYSTEMPATH\View\View.php(229): CodeIgniter\View\View->CodeIgniter\View\{closure}()
 4 SYSTEMPATH\View\View.php(475): CodeIgniter\View\View->render('templates/header', null, true)
 5 APPPATH\Views\template.php(34): CodeIgniter\View\View->include('templates/header')
 6 SYSTEMPATH\View\View.php(226): include('C:\\xampp\\htdocs\\ITE311-PLAIDA\\app\\Views\\template.php')
 7 SYSTEMPATH\View\View.php(229): CodeIgniter\View\View->CodeIgniter\View\{closure}()
 8 SYSTEMPATH\View\View.php(242): CodeIgniter\View\View->render('template', [], true)
 9 SYSTEMPATH\Common.php(1167): CodeIgniter\View\View->render('auth/login', [], true)
10 APPPATH\Controllers\Auth.php(118): view('auth/login')
11 SYSTEMPATH\CodeIgniter.php(933): App\Controllers\Auth->login()
12 SYSTEMPATH\CodeIgniter.php(507): CodeIgniter\CodeIgniter->runController(Object(App\Controllers\Auth))
13 SYSTEMPATH\CodeIgniter.php(354): CodeIgniter\CodeIgniter->handleRequest(null, Object(Config\Cache), false)
14 SYSTEMPATH\Boot.php(363): CodeIgniter\CodeIgniter->run()
15 SYSTEMPATH\Boot.php(68): CodeIgniter\Boot::runCodeIgniter(Object(CodeIgniter\CodeIgniter))
16 FCPATH\index.php(59): CodeIgniter\Boot::bootWeb(Object(Config\Paths))
CRITICAL - 2025-10-03 06:08:58 --> ErrorException: Undefined variable $role
[Method: GET, Route: login]
in APPPATH\Views\templates\header.php on line 11.
 1 APPPATH\Views\templates\header.php(11): CodeIgniter\Debug\Exceptions->errorHandler(2, 'Undefined variable $role', 'C:\\xampp\\htdocs\\ITE311-PLAIDA\\app\\Views\\templates\\header.php', 11)
 2 SYSTEMPATH\View\View.php(226): include('C:\\xampp\\htdocs\\ITE311-PLAIDA\\app\\Views\\templates\\header.php')
 3 SYSTEMPATH\View\View.php(229): CodeIgniter\View\View->CodeIgniter\View\{closure}()
 4 SYSTEMPATH\View\View.php(475): CodeIgniter\View\View->render('templates/header', null, true)
 5 APPPATH\Views\template.php(34): CodeIgniter\View\View->include('templates/header')
 6 SYSTEMPATH\View\View.php(226): include('C:\\xampp\\htdocs\\ITE311-PLAIDA\\app\\Views\\template.php')
 7 SYSTEMPATH\View\View.php(229): CodeIgniter\View\View->CodeIgniter\View\{closure}()
 8 SYSTEMPATH\View\View.php(242): CodeIgniter\View\View->render('template', [], true)
 9 SYSTEMPATH\Common.php(1167): CodeIgniter\View\View->render('auth/login', [], true)
10 APPPATH\Controllers\Auth.php(118): view('auth/login')
11 SYSTEMPATH\CodeIgniter.php(933): App\Controllers\Auth->login()
12 SYSTEMPATH\CodeIgniter.php(507): CodeIgniter\CodeIgniter->runController(Object(App\Controllers\Auth))
13 SYSTEMPATH\CodeIgniter.php(354): CodeIgniter\CodeIgniter->handleRequest(null, Object(Config\Cache), false)
14 SYSTEMPATH\Boot.php(363): CodeIgniter\CodeIgniter->run()
15 SYSTEMPATH\Boot.php(68): CodeIgniter\Boot::runCodeIgniter(Object(CodeIgniter\CodeIgniter))
16 FCPATH\index.php(59): CodeIgniter\Boot::bootWeb(Object(Config\Paths))
CRITICAL - 2025-10-03 06:08:59 --> ErrorException: Undefined variable $role
[Method: GET, Route: login]
in APPPATH\Views\templates\header.php on line 11.
 1 APPPATH\Views\templates\header.php(11): CodeIgniter\Debug\Exceptions->errorHandler(2, 'Undefined variable $role', 'C:\\xampp\\htdocs\\ITE311-PLAIDA\\app\\Views\\templates\\header.php', 11)
 2 SYSTEMPATH\View\View.php(226): include('C:\\xampp\\htdocs\\ITE311-PLAIDA\\app\\Views\\templates\\header.php')
 3 SYSTEMPATH\View\View.php(229): CodeIgniter\View\View->CodeIgniter\View\{closure}()
 4 SYSTEMPATH\View\View.php(475): CodeIgniter\View\View->render('templates/header', null, true)
 5 APPPATH\Views\template.php(34): CodeIgniter\View\View->include('templates/header')
 6 SYSTEMPATH\View\View.php(226): include('C:\\xampp\\htdocs\\ITE311-PLAIDA\\app\\Views\\template.php')
 7 SYSTEMPATH\View\View.php(229): CodeIgniter\View\View->CodeIgniter\View\{closure}()
 8 SYSTEMPATH\View\View.php(242): CodeIgniter\View\View->render('template', [], true)
 9 SYSTEMPATH\Common.php(1167): CodeIgniter\View\View->render('auth/login', [], true)
10 APPPATH\Controllers\Auth.php(118): view('auth/login')
11 SYSTEMPATH\CodeIgniter.php(933): App\Controllers\Auth->login()
12 SYSTEMPATH\CodeIgniter.php(507): CodeIgniter\CodeIgniter->runController(Object(App\Controllers\Auth))
13 SYSTEMPATH\CodeIgniter.php(354): CodeIgniter\CodeIgniter->handleRequest(null, Object(Config\Cache), false)
14 SYSTEMPATH\Boot.php(363): CodeIgniter\CodeIgniter->run()
15 SYSTEMPATH\Boot.php(68): CodeIgniter\Boot::runCodeIgniter(Object(CodeIgniter\CodeIgniter))
16 FCPATH\index.php(59): CodeIgniter\Boot::bootWeb(Object(Config\Paths))
CRITICAL - 2025-10-03 06:08:59 --> ErrorException: Undefined variable $role
[Method: GET, Route: login]
in APPPATH\Views\templates\header.php on line 11.
 1 APPPATH\Views\templates\header.php(11): CodeIgniter\Debug\Exceptions->errorHandler(2, 'Undefined variable $role', 'C:\\xampp\\htdocs\\ITE311-PLAIDA\\app\\Views\\templates\\header.php', 11)
 2 SYSTEMPATH\View\View.php(226): include('C:\\xampp\\htdocs\\ITE311-PLAIDA\\app\\Views\\templates\\header.php')
 3 SYSTEMPATH\View\View.php(229): CodeIgniter\View\View->CodeIgniter\View\{closure}()
 4 SYSTEMPATH\View\View.php(475): CodeIgniter\View\View->render('templates/header', null, true)
 5 APPPATH\Views\template.php(34): CodeIgniter\View\View->include('templates/header')
 6 SYSTEMPATH\View\View.php(226): include('C:\\xampp\\htdocs\\ITE311-PLAIDA\\app\\Views\\template.php')
 7 SYSTEMPATH\View\View.php(229): CodeIgniter\View\View->CodeIgniter\View\{closure}()
 8 SYSTEMPATH\View\View.php(242): CodeIgniter\View\View->render('template', [], true)
 9 SYSTEMPATH\Common.php(1167): CodeIgniter\View\View->render('auth/login', [], true)
10 APPPATH\Controllers\Auth.php(118): view('auth/login')
11 SYSTEMPATH\CodeIgniter.php(933): App\Controllers\Auth->login()
12 SYSTEMPATH\CodeIgniter.php(507): CodeIgniter\CodeIgniter->runController(Object(App\Controllers\Auth))
13 SYSTEMPATH\CodeIgniter.php(354): CodeIgniter\CodeIgniter->handleRequest(null, Object(Config\Cache), false)
14 SYSTEMPATH\Boot.php(363): CodeIgniter\CodeIgniter->run()
15 SYSTEMPATH\Boot.php(68): CodeIgniter\Boot::runCodeIgniter(Object(CodeIgniter\CodeIgniter))
16 FCPATH\index.php(59): CodeIgniter\Boot::bootWeb(Object(Config\Paths))
CRITICAL - 2025-10-03 06:09:00 --> ErrorException: Undefined variable $role
[Method: GET, Route: login]
in APPPATH\Views\templates\header.php on line 11.
 1 APPPATH\Views\templates\header.php(11): CodeIgniter\Debug\Exceptions->errorHandler(2, 'Undefined variable $role', 'C:\\xampp\\htdocs\\ITE311-PLAIDA\\app\\Views\\templates\\header.php', 11)
 2 SYSTEMPATH\View\View.php(226): include('C:\\xampp\\htdocs\\ITE311-PLAIDA\\app\\Views\\templates\\header.php')
 3 SYSTEMPATH\View\View.php(229): CodeIgniter\View\View->CodeIgniter\View\{closure}()
 4 SYSTEMPATH\View\View.php(475): CodeIgniter\View\View->render('templates/header', null, true)
 5 APPPATH\Views\template.php(34): CodeIgniter\View\View->include('templates/header')
 6 SYSTEMPATH\View\View.php(226): include('C:\\xampp\\htdocs\\ITE311-PLAIDA\\app\\Views\\template.php')
 7 SYSTEMPATH\View\View.php(229): CodeIgniter\View\View->CodeIgniter\View\{closure}()
 8 SYSTEMPATH\View\View.php(242): CodeIgniter\View\View->render('template', [], true)
 9 SYSTEMPATH\Common.php(1167): CodeIgniter\View\View->render('auth/login', [], true)
10 APPPATH\Controllers\Auth.php(118): view('auth/login')
11 SYSTEMPATH\CodeIgniter.php(933): App\Controllers\Auth->login()
12 SYSTEMPATH\CodeIgniter.php(507): CodeIgniter\CodeIgniter->runController(Object(App\Controllers\Auth))
13 SYSTEMPATH\CodeIgniter.php(354): CodeIgniter\CodeIgniter->handleRequest(null, Object(Config\Cache), false)
14 SYSTEMPATH\Boot.php(363): CodeIgniter\CodeIgniter->run()
15 SYSTEMPATH\Boot.php(68): CodeIgniter\Boot::runCodeIgniter(Object(CodeIgniter\CodeIgniter))
16 FCPATH\index.php(59): CodeIgniter\Boot::bootWeb(Object(Config\Paths))
CRITICAL - 2025-10-03 06:09:00 --> ErrorException: Undefined variable $role
[Method: GET, Route: login]
in APPPATH\Views\templates\header.php on line 11.
 1 APPPATH\Views\templates\header.php(11): CodeIgniter\Debug\Exceptions->errorHandler(2, 'Undefined variable $role', 'C:\\xampp\\htdocs\\ITE311-PLAIDA\\app\\Views\\templates\\header.php', 11)
 2 SYSTEMPATH\View\View.php(226): include('C:\\xampp\\htdocs\\ITE311-PLAIDA\\app\\Views\\templates\\header.php')
 3 SYSTEMPATH\View\View.php(229): CodeIgniter\View\View->CodeIgniter\View\{closure}()
 4 SYSTEMPATH\View\View.php(475): CodeIgniter\View\View->render('templates/header', null, true)
 5 APPPATH\Views\template.php(34): CodeIgniter\View\View->include('templates/header')
 6 SYSTEMPATH\View\View.php(226): include('C:\\xampp\\htdocs\\ITE311-PLAIDA\\app\\Views\\template.php')
 7 SYSTEMPATH\View\View.php(229): CodeIgniter\View\View->CodeIgniter\View\{closure}()
 8 SYSTEMPATH\View\View.php(242): CodeIgniter\View\View->render('template', [], true)
 9 SYSTEMPATH\Common.php(1167): CodeIgniter\View\View->render('auth/login', [], true)
10 APPPATH\Controllers\Auth.php(118): view('auth/login')
11 SYSTEMPATH\CodeIgniter.php(933): App\Controllers\Auth->login()
12 SYSTEMPATH\CodeIgniter.php(507): CodeIgniter\CodeIgniter->runController(Object(App\Controllers\Auth))
13 SYSTEMPATH\CodeIgniter.php(354): CodeIgniter\CodeIgniter->handleRequest(null, Object(Config\Cache), false)
14 SYSTEMPATH\Boot.php(363): CodeIgniter\CodeIgniter->run()
15 SYSTEMPATH\Boot.php(68): CodeIgniter\Boot::runCodeIgniter(Object(CodeIgniter\CodeIgniter))
16 FCPATH\index.php(59): CodeIgniter\Boot::bootWeb(Object(Config\Paths))
CRITICAL - 2025-10-03 06:09:00 --> ErrorException: Undefined variable $role
[Method: GET, Route: login]
in APPPATH\Views\templates\header.php on line 11.
 1 APPPATH\Views\templates\header.php(11): CodeIgniter\Debug\Exceptions->errorHandler(2, 'Undefined variable $role', 'C:\\xampp\\htdocs\\ITE311-PLAIDA\\app\\Views\\templates\\header.php', 11)
 2 SYSTEMPATH\View\View.php(226): include('C:\\xampp\\htdocs\\ITE311-PLAIDA\\app\\Views\\templates\\header.php')
 3 SYSTEMPATH\View\View.php(229): CodeIgniter\View\View->CodeIgniter\View\{closure}()
 4 SYSTEMPATH\View\View.php(475): CodeIgniter\View\View->render('templates/header', null, true)
 5 APPPATH\Views\template.php(34): CodeIgniter\View\View->include('templates/header')
 6 SYSTEMPATH\View\View.php(226): include('C:\\xampp\\htdocs\\ITE311-PLAIDA\\app\\Views\\template.php')
 7 SYSTEMPATH\View\View.php(229): CodeIgniter\View\View->CodeIgniter\View\{closure}()
 8 SYSTEMPATH\View\View.php(242): CodeIgniter\View\View->render('template', [], true)
 9 SYSTEMPATH\Common.php(1167): CodeIgniter\View\View->render('auth/login', [], true)
10 APPPATH\Controllers\Auth.php(118): view('auth/login')
11 SYSTEMPATH\CodeIgniter.php(933): App\Controllers\Auth->login()
12 SYSTEMPATH\CodeIgniter.php(507): CodeIgniter\CodeIgniter->runController(Object(App\Controllers\Auth))
13 SYSTEMPATH\CodeIgniter.php(354): CodeIgniter\CodeIgniter->handleRequest(null, Object(Config\Cache), false)
14 SYSTEMPATH\Boot.php(363): CodeIgniter\CodeIgniter->run()
15 SYSTEMPATH\Boot.php(68): CodeIgniter\Boot::runCodeIgniter(Object(CodeIgniter\CodeIgniter))
16 FCPATH\index.php(59): CodeIgniter\Boot::bootWeb(Object(Config\Paths))
CRITICAL - 2025-10-03 06:09:00 --> ErrorException: Undefined variable $role
[Method: GET, Route: login]
in APPPATH\Views\templates\header.php on line 11.
 1 APPPATH\Views\templates\header.php(11): CodeIgniter\Debug\Exceptions->errorHandler(2, 'Undefined variable $role', 'C:\\xampp\\htdocs\\ITE311-PLAIDA\\app\\Views\\templates\\header.php', 11)
 2 SYSTEMPATH\View\View.php(226): include('C:\\xampp\\htdocs\\ITE311-PLAIDA\\app\\Views\\templates\\header.php')
 3 SYSTEMPATH\View\View.php(229): CodeIgniter\View\View->CodeIgniter\View\{closure}()
 4 SYSTEMPATH\View\View.php(475): CodeIgniter\View\View->render('templates/header', null, true)
 5 APPPATH\Views\template.php(34): CodeIgniter\View\View->include('templates/header')
 6 SYSTEMPATH\View\View.php(226): include('C:\\xampp\\htdocs\\ITE311-PLAIDA\\app\\Views\\template.php')
 7 SYSTEMPATH\View\View.php(229): CodeIgniter\View\View->CodeIgniter\View\{closure}()
 8 SYSTEMPATH\View\View.php(242): CodeIgniter\View\View->render('template', [], true)
 9 SYSTEMPATH\Common.php(1167): CodeIgniter\View\View->render('auth/login', [], true)
10 APPPATH\Controllers\Auth.php(118): view('auth/login')
11 SYSTEMPATH\CodeIgniter.php(933): App\Controllers\Auth->login()
12 SYSTEMPATH\CodeIgniter.php(507): CodeIgniter\CodeIgniter->runController(Object(App\Controllers\Auth))
13 SYSTEMPATH\CodeIgniter.php(354): CodeIgniter\CodeIgniter->handleRequest(null, Object(Config\Cache), false)
14 SYSTEMPATH\Boot.php(363): CodeIgniter\CodeIgniter->run()
15 SYSTEMPATH\Boot.php(68): CodeIgniter\Boot::runCodeIgniter(Object(CodeIgniter\CodeIgniter))
16 FCPATH\index.php(59): CodeIgniter\Boot::bootWeb(Object(Config\Paths))
CRITICAL - 2025-10-03 06:09:00 --> ErrorException: Undefined variable $role
[Method: GET, Route: login]
in APPPATH\Views\templates\header.php on line 11.
 1 APPPATH\Views\templates\header.php(11): CodeIgniter\Debug\Exceptions->errorHandler(2, 'Undefined variable $role', 'C:\\xampp\\htdocs\\ITE311-PLAIDA\\app\\Views\\templates\\header.php', 11)
 2 SYSTEMPATH\View\View.php(226): include('C:\\xampp\\htdocs\\ITE311-PLAIDA\\app\\Views\\templates\\header.php')
 3 SYSTEMPATH\View\View.php(229): CodeIgniter\View\View->CodeIgniter\View\{closure}()
 4 SYSTEMPATH\View\View.php(475): CodeIgniter\View\View->render('templates/header', null, true)
 5 APPPATH\Views\template.php(34): CodeIgniter\View\View->include('templates/header')
 6 SYSTEMPATH\View\View.php(226): include('C:\\xampp\\htdocs\\ITE311-PLAIDA\\app\\Views\\template.php')
 7 SYSTEMPATH\View\View.php(229): CodeIgniter\View\View->CodeIgniter\View\{closure}()
 8 SYSTEMPATH\View\View.php(242): CodeIgniter\View\View->render('template', [], true)
 9 SYSTEMPATH\Common.php(1167): CodeIgniter\View\View->render('auth/login', [], true)
10 APPPATH\Controllers\Auth.php(118): view('auth/login')
11 SYSTEMPATH\CodeIgniter.php(933): App\Controllers\Auth->login()
12 SYSTEMPATH\CodeIgniter.php(507): CodeIgniter\CodeIgniter->runController(Object(App\Controllers\Auth))
13 SYSTEMPATH\CodeIgniter.php(354): CodeIgniter\CodeIgniter->handleRequest(null, Object(Config\Cache), false)
14 SYSTEMPATH\Boot.php(363): CodeIgniter\CodeIgniter->run()
15 SYSTEMPATH\Boot.php(68): CodeIgniter\Boot::runCodeIgniter(Object(CodeIgniter\CodeIgniter))
16 FCPATH\index.php(59): CodeIgniter\Boot::bootWeb(Object(Config\Paths))
CRITICAL - 2025-10-03 06:09:32 --> ErrorException: Undefined variable $role
[Method: GET, Route: home]
in APPPATH\Views\templates\header.php on line 11.
 1 APPPATH\Views\templates\header.php(11): CodeIgniter\Debug\Exceptions->errorHandler(2, 'Undefined variable $role', 'C:\\xampp\\htdocs\\ITE311-PLAIDA\\app\\Views\\templates\\header.php', 11)
 2 SYSTEMPATH\View\View.php(226): include('C:\\xampp\\htdocs\\ITE311-PLAIDA\\app\\Views\\templates\\header.php')
 3 SYSTEMPATH\View\View.php(229): CodeIgniter\View\View->CodeIgniter\View\{closure}()
 4 SYSTEMPATH\View\View.php(475): CodeIgniter\View\View->render('templates/header', null, true)
 5 APPPATH\Views\template.php(34): CodeIgniter\View\View->include('templates/header')
 6 SYSTEMPATH\View\View.php(226): include('C:\\xampp\\htdocs\\ITE311-PLAIDA\\app\\Views\\template.php')
 7 SYSTEMPATH\View\View.php(229): CodeIgniter\View\View->CodeIgniter\View\{closure}()
 8 SYSTEMPATH\View\View.php(242): CodeIgniter\View\View->render('template', [], true)
 9 SYSTEMPATH\Common.php(1167): CodeIgniter\View\View->render('index', [], true)
10 APPPATH\Controllers\Home.php(11): view('index')
11 SYSTEMPATH\CodeIgniter.php(933): App\Controllers\Home->index()
12 SYSTEMPATH\CodeIgniter.php(507): CodeIgniter\CodeIgniter->runController(Object(App\Controllers\Home))
13 SYSTEMPATH\CodeIgniter.php(354): CodeIgniter\CodeIgniter->handleRequest(null, Object(Config\Cache), false)
14 SYSTEMPATH\Boot.php(363): CodeIgniter\CodeIgniter->run()
15 SYSTEMPATH\Boot.php(68): CodeIgniter\Boot::runCodeIgniter(Object(CodeIgniter\CodeIgniter))
16 FCPATH\index.php(59): CodeIgniter\Boot::bootWeb(Object(Config\Paths))
CRITICAL - 2025-10-03 06:10:41 --> ErrorException: Undefined variable $role
[Method: GET, Route: home]
in APPPATH\Views\templates\header.php on line 11.
 1 APPPATH\Views\templates\header.php(11): CodeIgniter\Debug\Exceptions->errorHandler(2, 'Undefined variable $role', 'C:\\xampp\\htdocs\\ITE311-PLAIDA\\app\\Views\\templates\\header.php', 11)
 2 SYSTEMPATH\View\View.php(226): include('C:\\xampp\\htdocs\\ITE311-PLAIDA\\app\\Views\\templates\\header.php')
 3 SYSTEMPATH\View\View.php(229): CodeIgniter\View\View->CodeIgniter\View\{closure}()
 4 SYSTEMPATH\View\View.php(475): CodeIgniter\View\View->render('templates/header', null, true)
 5 APPPATH\Views\template.php(34): CodeIgniter\View\View->include('templates/header')
 6 SYSTEMPATH\View\View.php(226): include('C:\\xampp\\htdocs\\ITE311-PLAIDA\\app\\Views\\template.php')
 7 SYSTEMPATH\View\View.php(229): CodeIgniter\View\View->CodeIgniter\View\{closure}()
 8 SYSTEMPATH\View\View.php(242): CodeIgniter\View\View->render('template', [], true)
 9 SYSTEMPATH\Common.php(1167): CodeIgniter\View\View->render('index', [], true)
10 APPPATH\Controllers\Home.php(11): view('index')
11 SYSTEMPATH\CodeIgniter.php(933): App\Controllers\Home->index()
12 SYSTEMPATH\CodeIgniter.php(507): CodeIgniter\CodeIgniter->runController(Object(App\Controllers\Home))
13 SYSTEMPATH\CodeIgniter.php(354): CodeIgniter\CodeIgniter->handleRequest(null, Object(Config\Cache), false)
14 SYSTEMPATH\Boot.php(363): CodeIgniter\CodeIgniter->run()
15 SYSTEMPATH\Boot.php(68): CodeIgniter\Boot::runCodeIgniter(Object(CodeIgniter\CodeIgniter))
16 FCPATH\index.php(59): CodeIgniter\Boot::bootWeb(Object(Config\Paths))
CRITICAL - 2025-10-03 06:10:42 --> ErrorException: Undefined variable $role
[Method: GET, Route: home]
in APPPATH\Views\templates\header.php on line 11.
 1 APPPATH\Views\templates\header.php(11): CodeIgniter\Debug\Exceptions->errorHandler(2, 'Undefined variable $role', 'C:\\xampp\\htdocs\\ITE311-PLAIDA\\app\\Views\\templates\\header.php', 11)
 2 SYSTEMPATH\View\View.php(226): include('C:\\xampp\\htdocs\\ITE311-PLAIDA\\app\\Views\\templates\\header.php')
 3 SYSTEMPATH\View\View.php(229): CodeIgniter\View\View->CodeIgniter\View\{closure}()
 4 SYSTEMPATH\View\View.php(475): CodeIgniter\View\View->render('templates/header', null, true)
 5 APPPATH\Views\template.php(34): CodeIgniter\View\View->include('templates/header')
 6 SYSTEMPATH\View\View.php(226): include('C:\\xampp\\htdocs\\ITE311-PLAIDA\\app\\Views\\template.php')
 7 SYSTEMPATH\View\View.php(229): CodeIgniter\View\View->CodeIgniter\View\{closure}()
 8 SYSTEMPATH\View\View.php(242): CodeIgniter\View\View->render('template', [], true)
 9 SYSTEMPATH\Common.php(1167): CodeIgniter\View\View->render('index', [], true)
10 APPPATH\Controllers\Home.php(11): view('index')
11 SYSTEMPATH\CodeIgniter.php(933): App\Controllers\Home->index()
12 SYSTEMPATH\CodeIgniter.php(507): CodeIgniter\CodeIgniter->runController(Object(App\Controllers\Home))
13 SYSTEMPATH\CodeIgniter.php(354): CodeIgniter\CodeIgniter->handleRequest(null, Object(Config\Cache), false)
14 SYSTEMPATH\Boot.php(363): CodeIgniter\CodeIgniter->run()
15 SYSTEMPATH\Boot.php(68): CodeIgniter\Boot::runCodeIgniter(Object(CodeIgniter\CodeIgniter))
16 FCPATH\index.php(59): CodeIgniter\Boot::bootWeb(Object(Config\Paths))
CRITICAL - 2025-10-03 06:10:42 --> ErrorException: Undefined variable $role
[Method: GET, Route: home]
in APPPATH\Views\templates\header.php on line 11.
 1 APPPATH\Views\templates\header.php(11): CodeIgniter\Debug\Exceptions->errorHandler(2, 'Undefined variable $role', 'C:\\xampp\\htdocs\\ITE311-PLAIDA\\app\\Views\\templates\\header.php', 11)
 2 SYSTEMPATH\View\View.php(226): include('C:\\xampp\\htdocs\\ITE311-PLAIDA\\app\\Views\\templates\\header.php')
 3 SYSTEMPATH\View\View.php(229): CodeIgniter\View\View->CodeIgniter\View\{closure}()
 4 SYSTEMPATH\View\View.php(475): CodeIgniter\View\View->render('templates/header', null, true)
 5 APPPATH\Views\template.php(34): CodeIgniter\View\View->include('templates/header')
 6 SYSTEMPATH\View\View.php(226): include('C:\\xampp\\htdocs\\ITE311-PLAIDA\\app\\Views\\template.php')
 7 SYSTEMPATH\View\View.php(229): CodeIgniter\View\View->CodeIgniter\View\{closure}()
 8 SYSTEMPATH\View\View.php(242): CodeIgniter\View\View->render('template', [], true)
 9 SYSTEMPATH\Common.php(1167): CodeIgniter\View\View->render('index', [], true)
10 APPPATH\Controllers\Home.php(11): view('index')
11 SYSTEMPATH\CodeIgniter.php(933): App\Controllers\Home->index()
12 SYSTEMPATH\CodeIgniter.php(507): CodeIgniter\CodeIgniter->runController(Object(App\Controllers\Home))
13 SYSTEMPATH\CodeIgniter.php(354): CodeIgniter\CodeIgniter->handleRequest(null, Object(Config\Cache), false)
14 SYSTEMPATH\Boot.php(363): CodeIgniter\CodeIgniter->run()
15 SYSTEMPATH\Boot.php(68): CodeIgniter\Boot::runCodeIgniter(Object(CodeIgniter\CodeIgniter))
16 FCPATH\index.php(59): CodeIgniter\Boot::bootWeb(Object(Config\Paths))
CRITICAL - 2025-10-03 06:11:52 --> ErrorException: Undefined variable $role
[Method: GET, Route: /]
in APPPATH\Views\templates\header.php on line 11.
 1 APPPATH\Views\templates\header.php(11): CodeIgniter\Debug\Exceptions->errorHandler(2, 'Undefined variable $role', 'C:\\xampp\\htdocs\\ITE311-PLAIDA\\app\\Views\\templates\\header.php', 11)
 2 SYSTEMPATH\View\View.php(226): include('C:\\xampp\\htdocs\\ITE311-PLAIDA\\app\\Views\\templates\\header.php')
 3 SYSTEMPATH\View\View.php(229): CodeIgniter\View\View->CodeIgniter\View\{closure}()
 4 SYSTEMPATH\View\View.php(475): CodeIgniter\View\View->render('templates/header', null, true)
 5 APPPATH\Views\template.php(34): CodeIgniter\View\View->include('templates/header')
 6 SYSTEMPATH\View\View.php(226): include('C:\\xampp\\htdocs\\ITE311-PLAIDA\\app\\Views\\template.php')
 7 SYSTEMPATH\View\View.php(229): CodeIgniter\View\View->CodeIgniter\View\{closure}()
 8 SYSTEMPATH\View\View.php(242): CodeIgniter\View\View->render('template', [], true)
 9 SYSTEMPATH\Common.php(1167): CodeIgniter\View\View->render('index', [], true)
10 APPPATH\Controllers\Home.php(11): view('index')
11 SYSTEMPATH\CodeIgniter.php(933): App\Controllers\Home->index()
12 SYSTEMPATH\CodeIgniter.php(507): CodeIgniter\CodeIgniter->runController(Object(App\Controllers\Home))
13 SYSTEMPATH\CodeIgniter.php(354): CodeIgniter\CodeIgniter->handleRequest(null, Object(Config\Cache), false)
14 SYSTEMPATH\Boot.php(363): CodeIgniter\CodeIgniter->run()
15 SYSTEMPATH\Boot.php(68): CodeIgniter\Boot::runCodeIgniter(Object(CodeIgniter\CodeIgniter))
16 FCPATH\index.php(59): CodeIgniter\Boot::bootWeb(Object(Config\Paths))
CRITICAL - 2025-10-03 06:12:02 --> ErrorException: Undefined variable $role
[Method: GET, Route: home]
in APPPATH\Views\templates\header.php on line 11.
 1 APPPATH\Views\templates\header.php(11): CodeIgniter\Debug\Exceptions->errorHandler(2, 'Undefined variable $role', 'C:\\xampp\\htdocs\\ITE311-PLAIDA\\app\\Views\\templates\\header.php', 11)
 2 SYSTEMPATH\View\View.php(226): include('C:\\xampp\\htdocs\\ITE311-PLAIDA\\app\\Views\\templates\\header.php')
 3 SYSTEMPATH\View\View.php(229): CodeIgniter\View\View->CodeIgniter\View\{closure}()
 4 SYSTEMPATH\View\View.php(475): CodeIgniter\View\View->render('templates/header', null, true)
 5 APPPATH\Views\template.php(34): CodeIgniter\View\View->include('templates/header')
 6 SYSTEMPATH\View\View.php(226): include('C:\\xampp\\htdocs\\ITE311-PLAIDA\\app\\Views\\template.php')
 7 SYSTEMPATH\View\View.php(229): CodeIgniter\View\View->CodeIgniter\View\{closure}()
 8 SYSTEMPATH\View\View.php(242): CodeIgniter\View\View->render('template', [], true)
 9 SYSTEMPATH\Common.php(1167): CodeIgniter\View\View->render('index', [], true)
10 APPPATH\Controllers\Home.php(11): view('index')
11 SYSTEMPATH\CodeIgniter.php(933): App\Controllers\Home->index()
12 SYSTEMPATH\CodeIgniter.php(507): CodeIgniter\CodeIgniter->runController(Object(App\Controllers\Home))
13 SYSTEMPATH\CodeIgniter.php(354): CodeIgniter\CodeIgniter->handleRequest(null, Object(Config\Cache), false)
14 SYSTEMPATH\Boot.php(363): CodeIgniter\CodeIgniter->run()
15 SYSTEMPATH\Boot.php(68): CodeIgniter\Boot::runCodeIgniter(Object(CodeIgniter\CodeIgniter))
16 FCPATH\index.php(59): CodeIgniter\Boot::bootWeb(Object(Config\Paths))
CRITICAL - 2025-10-03 06:15:23 --> Error: Call to undefined method CodeIgniter\Session\Session::flashdata()
[Method: POST, Route: register]
in APPPATH\Controllers\Auth.php on line 53.
 1 SYSTEMPATH\CodeIgniter.php(933): App\Controllers\Auth->register()
 2 SYSTEMPATH\CodeIgniter.php(507): CodeIgniter\CodeIgniter->runController(Object(App\Controllers\Auth))
 3 SYSTEMPATH\CodeIgniter.php(354): CodeIgniter\CodeIgniter->handleRequest(null, Object(Config\Cache), false)
 4 SYSTEMPATH\Boot.php(363): CodeIgniter\CodeIgniter->run()
 5 SYSTEMPATH\Boot.php(68): CodeIgniter\Boot::runCodeIgniter(Object(CodeIgniter\CodeIgniter))
 6 FCPATH\index.php(59): CodeIgniter\Boot::bootWeb(Object(Config\Paths))
CRITICAL - 2025-10-03 06:28:44 --> ParseError: syntax error, unexpected end of file, expecting "elseif" or "else" or "endif"
[Method: GET, Route: home]
in APPPATH\Views\templates\header.php on line 45.
 1 SYSTEMPATH\View\View.php(229): CodeIgniter\View\View->CodeIgniter\View\{closure}()
 2 SYSTEMPATH\View\View.php(475): CodeIgniter\View\View->render('templates/header', null, true)
 3 APPPATH\Views\template.php(34): CodeIgniter\View\View->include('templates/header')
 4 SYSTEMPATH\View\View.php(226): include('C:\\xampp\\htdocs\\ITE311-PLAIDA\\app\\Views\\template.php')
 5 SYSTEMPATH\View\View.php(229): CodeIgniter\View\View->CodeIgniter\View\{closure}()
 6 SYSTEMPATH\View\View.php(242): CodeIgniter\View\View->render('template', [], true)
 7 SYSTEMPATH\Common.php(1167): CodeIgniter\View\View->render('index', [], true)
 8 APPPATH\Controllers\Home.php(11): view('index')
 9 SYSTEMPATH\CodeIgniter.php(933): App\Controllers\Home->index()
10 SYSTEMPATH\CodeIgniter.php(507): CodeIgniter\CodeIgniter->runController(Object(App\Controllers\Home))
11 SYSTEMPATH\CodeIgniter.php(354): CodeIgniter\CodeIgniter->handleRequest(null, Object(Config\Cache), false)
12 SYSTEMPATH\Boot.php(363): CodeIgniter\CodeIgniter->run()
13 SYSTEMPATH\Boot.php(68): CodeIgniter\Boot::runCodeIgniter(Object(CodeIgniter\CodeIgniter))
14 FCPATH\index.php(59): CodeIgniter\Boot::bootWeb(Object(Config\Paths))
CRITICAL - 2025-10-03 06:28:46 --> ParseError: syntax error, unexpected end of file, expecting "elseif" or "else" or "endif"
[Method: GET, Route: home]
in APPPATH\Views\templates\header.php on line 45.
 1 SYSTEMPATH\View\View.php(229): CodeIgniter\View\View->CodeIgniter\View\{closure}()
 2 SYSTEMPATH\View\View.php(475): CodeIgniter\View\View->render('templates/header', null, true)
 3 APPPATH\Views\template.php(34): CodeIgniter\View\View->include('templates/header')
 4 SYSTEMPATH\View\View.php(226): include('C:\\xampp\\htdocs\\ITE311-PLAIDA\\app\\Views\\template.php')
 5 SYSTEMPATH\View\View.php(229): CodeIgniter\View\View->CodeIgniter\View\{closure}()
 6 SYSTEMPATH\View\View.php(242): CodeIgniter\View\View->render('template', [], true)
 7 SYSTEMPATH\Common.php(1167): CodeIgniter\View\View->render('index', [], true)
 8 APPPATH\Controllers\Home.php(11): view('index')
 9 SYSTEMPATH\CodeIgniter.php(933): App\Controllers\Home->index()
10 SYSTEMPATH\CodeIgniter.php(507): CodeIgniter\CodeIgniter->runController(Object(App\Controllers\Home))
11 SYSTEMPATH\CodeIgniter.php(354): CodeIgniter\CodeIgniter->handleRequest(null, Object(Config\Cache), false)
12 SYSTEMPATH\Boot.php(363): CodeIgniter\CodeIgniter->run()
13 SYSTEMPATH\Boot.php(68): CodeIgniter\Boot::runCodeIgniter(Object(CodeIgniter\CodeIgniter))
14 FCPATH\index.php(59): CodeIgniter\Boot::bootWeb(Object(Config\Paths))
CRITICAL - 2025-10-03 06:33:37 --> Error: Call to undefined method CodeIgniter\Session\Session::flashdata()
[Method: POST, Route: register]
in APPPATH\Controllers\Auth.php on line 53.
 1 SYSTEMPATH\CodeIgniter.php(933): App\Controllers\Auth->register()
 2 SYSTEMPATH\CodeIgniter.php(507): CodeIgniter\CodeIgniter->runController(Object(App\Controllers\Auth))
 3 SYSTEMPATH\CodeIgniter.php(354): CodeIgniter\CodeIgniter->handleRequest(null, Object(Config\Cache), false)
 4 SYSTEMPATH\Boot.php(363): CodeIgniter\CodeIgniter->run()
 5 SYSTEMPATH\Boot.php(68): CodeIgniter\Boot::runCodeIgniter(Object(CodeIgniter\CodeIgniter))
 6 FCPATH\index.php(59): CodeIgniter\Boot::bootWeb(Object(Config\Paths))
CRITICAL - 2025-10-03 09:16:15 --> Error: Call to undefined method CodeIgniter\Session\Session::flashdata()
[Method: GET, Route: logout]
in APPPATH\Controllers\Auth.php on line 100.
 1 SYSTEMPATH\CodeIgniter.php(933): App\Controllers\Auth->logout()
 2 SYSTEMPATH\CodeIgniter.php(507): CodeIgniter\CodeIgniter->runController(Object(App\Controllers\Auth))
 3 SYSTEMPATH\CodeIgniter.php(354): CodeIgniter\CodeIgniter->handleRequest(null, Object(Config\Cache), false)
 4 SYSTEMPATH\Boot.php(363): CodeIgniter\CodeIgniter->run()
 5 SYSTEMPATH\Boot.php(68): CodeIgniter\Boot::runCodeIgniter(Object(CodeIgniter\CodeIgniter))
 6 FCPATH\index.php(59): CodeIgniter\Boot::bootWeb(Object(Config\Paths))
CRITICAL - 2025-10-03 09:16:21 --> Error: Call to undefined method CodeIgniter\Session\Session::flashdata()
[Method: GET, Route: logout]
in APPPATH\Controllers\Auth.php on line 100.
 1 SYSTEMPATH\CodeIgniter.php(933): App\Controllers\Auth->logout()
 2 SYSTEMPATH\CodeIgniter.php(507): CodeIgniter\CodeIgniter->runController(Object(App\Controllers\Auth))
 3 SYSTEMPATH\CodeIgniter.php(354): CodeIgniter\CodeIgniter->handleRequest(null, Object(Config\Cache), false)
 4 SYSTEMPATH\Boot.php(363): CodeIgniter\CodeIgniter->run()
 5 SYSTEMPATH\Boot.php(68): CodeIgniter\Boot::runCodeIgniter(Object(CodeIgniter\CodeIgniter))
 6 FCPATH\index.php(59): CodeIgniter\Boot::bootWeb(Object(Config\Paths))
CRITICAL - 2025-10-03 09:16:59 --> Error: Call to undefined method CodeIgniter\Session\Session::flashdata()
[Method: POST, Route: register]
in APPPATH\Controllers\Auth.php on line 45.
 1 SYSTEMPATH\CodeIgniter.php(933): App\Controllers\Auth->register()
 2 SYSTEMPATH\CodeIgniter.php(507): CodeIgniter\CodeIgniter->runController(Object(App\Controllers\Auth))
 3 SYSTEMPATH\CodeIgniter.php(354): CodeIgniter\CodeIgniter->handleRequest(null, Object(Config\Cache), false)
 4 SYSTEMPATH\Boot.php(363): CodeIgniter\CodeIgniter->run()
 5 SYSTEMPATH\Boot.php(68): CodeIgniter\Boot::runCodeIgniter(Object(CodeIgniter\CodeIgniter))
 6 FCPATH\index.php(59): CodeIgniter\Boot::bootWeb(Object(Config\Paths))
CRITICAL - 2025-10-03 09:18:30 --> Error: Call to undefined method CodeIgniter\Session\Session::flashdata()
[Method: POST, Route: register]
in APPPATH\Controllers\Auth.php on line 45.
 1 SYSTEMPATH\CodeIgniter.php(933): App\Controllers\Auth->register()
 2 SYSTEMPATH\CodeIgniter.php(507): CodeIgniter\CodeIgniter->runController(Object(App\Controllers\Auth))
 3 SYSTEMPATH\CodeIgniter.php(354): CodeIgniter\CodeIgniter->handleRequest(null, Object(Config\Cache), false)
 4 SYSTEMPATH\Boot.php(363): CodeIgniter\CodeIgniter->run()
 5 SYSTEMPATH\Boot.php(68): CodeIgniter\Boot::runCodeIgniter(Object(CodeIgniter\CodeIgniter))
 6 FCPATH\index.php(59): CodeIgniter\Boot::bootWeb(Object(Config\Paths))
