CRITICAL - 2025-10-09 09:44:28 --> CodeIgniter\View\Exceptions\ViewException: Invalid file: "student_courses.php"
[Method: GET, Route: student/courses]
in SYSTEMPATH\Exceptions\FrameworkException.php on line 39.
 1 SYSTEMPATH\View\View.php(214): CodeIgniter\Exceptions\FrameworkException::forInvalidFile('student_courses.php')
 2 SYSTEMPATH\Common.php(1167): CodeIgniter\View\View->render('student_courses', [], true)
 3 APPPATH\Controllers\Course.php(92): view('student_courses', [...])
 4 SYSTEMPATH\CodeIgniter.php(933): App\Controllers\Course->list()
 5 SYSTEMPATH\CodeIgniter.php(507): CodeIgniter\CodeIgniter->runController(Object(App\Controllers\Course))
 6 SYSTEMPATH\CodeIgniter.php(354): CodeIgniter\CodeIgniter->handleRequest(null, Object(Config\Cache), false)
 7 SYSTEMPATH\Boot.php(363): CodeIgniter\CodeIgniter->run()
 8 SYSTEMPATH\Boot.php(68): CodeIgniter\Boot::runCodeIgniter(Object(CodeIgniter\CodeIgniter))
 9 FCPATH\index.php(59): CodeIgniter\Boot::bootWeb(Object(Config\Paths))
CRITICAL - 2025-10-09 09:44:29 --> CodeIgniter\View\Exceptions\ViewException: Invalid file: "student_courses.php"
[Method: GET, Route: student/courses]
in SYSTEMPATH\Exceptions\FrameworkException.php on line 39.
 1 SYSTEMPATH\View\View.php(214): CodeIgniter\Exceptions\FrameworkException::forInvalidFile('student_courses.php')
 2 SYSTEMPATH\Common.php(1167): CodeIgniter\View\View->render('student_courses', [], true)
 3 APPPATH\Controllers\Course.php(92): view('student_courses', [...])
 4 SYSTEMPATH\CodeIgniter.php(933): App\Controllers\Course->list()
 5 SYSTEMPATH\CodeIgniter.php(507): CodeIgniter\CodeIgniter->runController(Object(App\Controllers\Course))
 6 SYSTEMPATH\CodeIgniter.php(354): CodeIgniter\CodeIgniter->handleRequest(null, Object(Config\Cache), false)
 7 SYSTEMPATH\Boot.php(363): CodeIgniter\CodeIgniter->run()
 8 SYSTEMPATH\Boot.php(68): CodeIgniter\Boot::runCodeIgniter(Object(CodeIgniter\CodeIgniter))
 9 FCPATH\index.php(59): CodeIgniter\Boot::bootWeb(Object(Config\Paths))
CRITICAL - 2025-10-09 09:44:31 --> CodeIgniter\View\Exceptions\ViewException: Invalid file: "student_courses.php"
[Method: GET, Route: student/courses]
in SYSTEMPATH\Exceptions\FrameworkException.php on line 39.
 1 SYSTEMPATH\View\View.php(214): CodeIgniter\Exceptions\FrameworkException::forInvalidFile('student_courses.php')
 2 SYSTEMPATH\Common.php(1167): CodeIgniter\View\View->render('student_courses', [], true)
 3 APPPATH\Controllers\Course.php(92): view('student_courses', [...])
 4 SYSTEMPATH\CodeIgniter.php(933): App\Controllers\Course->list()
 5 SYSTEMPATH\CodeIgniter.php(507): CodeIgniter\CodeIgniter->runController(Object(App\Controllers\Course))
 6 SYSTEMPATH\CodeIgniter.php(354): CodeIgniter\CodeIgniter->handleRequest(null, Object(Config\Cache), false)
 7 SYSTEMPATH\Boot.php(363): CodeIgniter\CodeIgniter->run()
 8 SYSTEMPATH\Boot.php(68): CodeIgniter\Boot::runCodeIgniter(Object(CodeIgniter\CodeIgniter))
 9 FCPATH\index.php(59): CodeIgniter\Boot::bootWeb(Object(Config\Paths))
CRITICAL - 2025-10-09 09:51:45 --> CodeIgniter\View\Exceptions\ViewException: Invalid file: "student_courses.php"
[Method: GET, Route: student/courses]
in SYSTEMPATH\Exceptions\FrameworkException.php on line 39.
 1 SYSTEMPATH\View\View.php(214): CodeIgniter\Exceptions\FrameworkException::forInvalidFile('student_courses.php')
 2 SYSTEMPATH\Common.php(1167): CodeIgniter\View\View->render('student_courses', [], true)
 3 APPPATH\Controllers\Course.php(92): view('student_courses', [...])
 4 SYSTEMPATH\CodeIgniter.php(933): App\Controllers\Course->list()
 5 SYSTEMPATH\CodeIgniter.php(507): CodeIgniter\CodeIgniter->runController(Object(App\Controllers\Course))
 6 SYSTEMPATH\CodeIgniter.php(354): CodeIgniter\CodeIgniter->handleRequest(null, Object(Config\Cache), false)
 7 SYSTEMPATH\Boot.php(363): CodeIgniter\CodeIgniter->run()
 8 SYSTEMPATH\Boot.php(68): CodeIgniter\Boot::runCodeIgniter(Object(CodeIgniter\CodeIgniter))
 9 FCPATH\index.php(59): CodeIgniter\Boot::bootWeb(Object(Config\Paths))
CRITICAL - 2025-10-09 09:53:58 --> CodeIgniter\View\Exceptions\ViewException: Invalid file: "student_courses.php"
[Method: GET, Route: student/courses]
in SYSTEMPATH\Exceptions\FrameworkException.php on line 39.
 1 SYSTEMPATH\View\View.php(214): CodeIgniter\Exceptions\FrameworkException::forInvalidFile('student_courses.php')
 2 SYSTEMPATH\Common.php(1167): CodeIgniter\View\View->render('student_courses', [], true)
 3 APPPATH\Controllers\Course.php(92): view('student_courses', [...])
 4 SYSTEMPATH\CodeIgniter.php(933): App\Controllers\Course->list()
 5 SYSTEMPATH\CodeIgniter.php(507): CodeIgniter\CodeIgniter->runController(Object(App\Controllers\Course))
 6 SYSTEMPATH\CodeIgniter.php(354): CodeIgniter\CodeIgniter->handleRequest(null, Object(Config\Cache), false)
 7 SYSTEMPATH\Boot.php(363): CodeIgniter\CodeIgniter->run()
 8 SYSTEMPATH\Boot.php(68): CodeIgniter\Boot::runCodeIgniter(Object(CodeIgniter\CodeIgniter))
 9 FCPATH\index.php(59): CodeIgniter\Boot::bootWeb(Object(Config\Paths))
CRITICAL - 2025-10-09 10:15:58 --> ParseError: syntax error, unexpected token "else", expecting end of file
[Method: GET, Route: dashboard]
in APPPATH\Views\student.php on line 38.
 1 SYSTEMPATH\View\View.php(229): CodeIgniter\View\View->CodeIgniter\View\{closure}()
 2 SYSTEMPATH\Common.php(1167): CodeIgniter\View\View->render('student', [], true)
 3 APPPATH\Views\auth\dashboard.php(28): view('student', [...])
 4 SYSTEMPATH\View\View.php(226): include('C:\\xampp\\htdocs\\ITE311-PLAIDA\\app\\Views\\auth\\dashboard.php')
 5 SYSTEMPATH\View\View.php(229): CodeIgniter\View\View->CodeIgniter\View\{closure}()
 6 SYSTEMPATH\Common.php(1167): CodeIgniter\View\View->render('auth/dashboard', [], true)
 7 APPPATH\Controllers\Auth.php(157): view('auth/dashboard', [...])
 8 SYSTEMPATH\CodeIgniter.php(933): App\Controllers\Auth->dashboard()
 9 SYSTEMPATH\CodeIgniter.php(507): CodeIgniter\CodeIgniter->runController(Object(App\Controllers\Auth))
10 SYSTEMPATH\CodeIgniter.php(354): CodeIgniter\CodeIgniter->handleRequest(null, Object(Config\Cache), false)
11 SYSTEMPATH\Boot.php(363): CodeIgniter\CodeIgniter->run()
12 SYSTEMPATH\Boot.php(68): CodeIgniter\Boot::runCodeIgniter(Object(CodeIgniter\CodeIgniter))
13 FCPATH\index.php(59): CodeIgniter\Boot::bootWeb(Object(Config\Paths))
CRITICAL - 2025-10-09 10:16:01 --> ParseError: syntax error, unexpected token "else", expecting end of file
[Method: GET, Route: dashboard]
in APPPATH\Views\student.php on line 38.
 1 SYSTEMPATH\View\View.php(229): CodeIgniter\View\View->CodeIgniter\View\{closure}()
 2 SYSTEMPATH\Common.php(1167): CodeIgniter\View\View->render('student', [], true)
 3 APPPATH\Views\auth\dashboard.php(28): view('student', [...])
 4 SYSTEMPATH\View\View.php(226): include('C:\\xampp\\htdocs\\ITE311-PLAIDA\\app\\Views\\auth\\dashboard.php')
 5 SYSTEMPATH\View\View.php(229): CodeIgniter\View\View->CodeIgniter\View\{closure}()
 6 SYSTEMPATH\Common.php(1167): CodeIgniter\View\View->render('auth/dashboard', [], true)
 7 APPPATH\Controllers\Auth.php(157): view('auth/dashboard', [...])
 8 SYSTEMPATH\CodeIgniter.php(933): App\Controllers\Auth->dashboard()
 9 SYSTEMPATH\CodeIgniter.php(507): CodeIgniter\CodeIgniter->runController(Object(App\Controllers\Auth))
10 SYSTEMPATH\CodeIgniter.php(354): CodeIgniter\CodeIgniter->handleRequest(null, Object(Config\Cache), false)
11 SYSTEMPATH\Boot.php(363): CodeIgniter\CodeIgniter->run()
12 SYSTEMPATH\Boot.php(68): CodeIgniter\Boot::runCodeIgniter(Object(CodeIgniter\CodeIgniter))
13 FCPATH\index.php(59): CodeIgniter\Boot::bootWeb(Object(Config\Paths))
CRITICAL - 2025-10-09 10:17:36 --> ParseError: syntax error, unexpected token "else", expecting end of file
[Method: GET, Route: dashboard]
in APPPATH\Views\student.php on line 38.
 1 SYSTEMPATH\View\View.php(229): CodeIgniter\View\View->CodeIgniter\View\{closure}()
 2 SYSTEMPATH\Common.php(1167): CodeIgniter\View\View->render('student', [], true)
 3 APPPATH\Views\auth\dashboard.php(28): view('student', [...])
 4 SYSTEMPATH\View\View.php(226): include('C:\\xampp\\htdocs\\ITE311-PLAIDA\\app\\Views\\auth\\dashboard.php')
 5 SYSTEMPATH\View\View.php(229): CodeIgniter\View\View->CodeIgniter\View\{closure}()
 6 SYSTEMPATH\Common.php(1167): CodeIgniter\View\View->render('auth/dashboard', [], true)
 7 APPPATH\Controllers\Auth.php(157): view('auth/dashboard', [...])
 8 SYSTEMPATH\CodeIgniter.php(933): App\Controllers\Auth->dashboard()
 9 SYSTEMPATH\CodeIgniter.php(507): CodeIgniter\CodeIgniter->runController(Object(App\Controllers\Auth))
10 SYSTEMPATH\CodeIgniter.php(354): CodeIgniter\CodeIgniter->handleRequest(null, Object(Config\Cache), false)
11 SYSTEMPATH\Boot.php(363): CodeIgniter\CodeIgniter->run()
12 SYSTEMPATH\Boot.php(68): CodeIgniter\Boot::runCodeIgniter(Object(CodeIgniter\CodeIgniter))
13 FCPATH\index.php(59): CodeIgniter\Boot::bootWeb(Object(Config\Paths))
CRITICAL - 2025-10-09 10:17:38 --> ParseError: syntax error, unexpected token "else", expecting end of file
[Method: GET, Route: dashboard]
in APPPATH\Views\student.php on line 38.
 1 SYSTEMPATH\View\View.php(229): CodeIgniter\View\View->CodeIgniter\View\{closure}()
 2 SYSTEMPATH\Common.php(1167): CodeIgniter\View\View->render('student', [], true)
 3 APPPATH\Views\auth\dashboard.php(28): view('student', [...])
 4 SYSTEMPATH\View\View.php(226): include('C:\\xampp\\htdocs\\ITE311-PLAIDA\\app\\Views\\auth\\dashboard.php')
 5 SYSTEMPATH\View\View.php(229): CodeIgniter\View\View->CodeIgniter\View\{closure}()
 6 SYSTEMPATH\Common.php(1167): CodeIgniter\View\View->render('auth/dashboard', [], true)
 7 APPPATH\Controllers\Auth.php(157): view('auth/dashboard', [...])
 8 SYSTEMPATH\CodeIgniter.php(933): App\Controllers\Auth->dashboard()
 9 SYSTEMPATH\CodeIgniter.php(507): CodeIgniter\CodeIgniter->runController(Object(App\Controllers\Auth))
10 SYSTEMPATH\CodeIgniter.php(354): CodeIgniter\CodeIgniter->handleRequest(null, Object(Config\Cache), false)
11 SYSTEMPATH\Boot.php(363): CodeIgniter\CodeIgniter->run()
12 SYSTEMPATH\Boot.php(68): CodeIgniter\Boot::runCodeIgniter(Object(CodeIgniter\CodeIgniter))
13 FCPATH\index.php(59): CodeIgniter\Boot::bootWeb(Object(Config\Paths))
CRITICAL - 2025-10-09 10:17:39 --> ParseError: syntax error, unexpected token "else", expecting end of file
[Method: GET, Route: dashboard]
in APPPATH\Views\student.php on line 38.
 1 SYSTEMPATH\View\View.php(229): CodeIgniter\View\View->CodeIgniter\View\{closure}()
 2 SYSTEMPATH\Common.php(1167): CodeIgniter\View\View->render('student', [], true)
 3 APPPATH\Views\auth\dashboard.php(28): view('student', [...])
 4 SYSTEMPATH\View\View.php(226): include('C:\\xampp\\htdocs\\ITE311-PLAIDA\\app\\Views\\auth\\dashboard.php')
 5 SYSTEMPATH\View\View.php(229): CodeIgniter\View\View->CodeIgniter\View\{closure}()
 6 SYSTEMPATH\Common.php(1167): CodeIgniter\View\View->render('auth/dashboard', [], true)
 7 APPPATH\Controllers\Auth.php(157): view('auth/dashboard', [...])
 8 SYSTEMPATH\CodeIgniter.php(933): App\Controllers\Auth->dashboard()
 9 SYSTEMPATH\CodeIgniter.php(507): CodeIgniter\CodeIgniter->runController(Object(App\Controllers\Auth))
10 SYSTEMPATH\CodeIgniter.php(354): CodeIgniter\CodeIgniter->handleRequest(null, Object(Config\Cache), false)
11 SYSTEMPATH\Boot.php(363): CodeIgniter\CodeIgniter->run()
12 SYSTEMPATH\Boot.php(68): CodeIgniter\Boot::runCodeIgniter(Object(CodeIgniter\CodeIgniter))
13 FCPATH\index.php(59): CodeIgniter\Boot::bootWeb(Object(Config\Paths))
